
mpw8_aluxor.elf:     file format elf32-littleriscv


Disassembly of section .text:

10000000 <_ftext>:
10000000:	0b00006f          	j	100000b0 <crt_init>
10000004:	00000013          	nop
10000008:	00000013          	nop
1000000c:	00000013          	nop
10000010:	00000013          	nop
10000014:	00000013          	nop
10000018:	00000013          	nop
1000001c:	00000013          	nop

10000020 <trap_entry>:
10000020:	fe112e23          	sw	ra,-4(sp)
10000024:	fe512c23          	sw	t0,-8(sp)
10000028:	fe612a23          	sw	t1,-12(sp)
1000002c:	fe712823          	sw	t2,-16(sp)
10000030:	fea12623          	sw	a0,-20(sp)
10000034:	feb12423          	sw	a1,-24(sp)
10000038:	fec12223          	sw	a2,-28(sp)
1000003c:	fed12023          	sw	a3,-32(sp)
10000040:	fce12e23          	sw	a4,-36(sp)
10000044:	fcf12c23          	sw	a5,-40(sp)
10000048:	fd012a23          	sw	a6,-44(sp)
1000004c:	fd112823          	sw	a7,-48(sp)
10000050:	fdc12623          	sw	t3,-52(sp)
10000054:	fdd12423          	sw	t4,-56(sp)
10000058:	fde12223          	sw	t5,-60(sp)
1000005c:	fdf12023          	sw	t6,-64(sp)
10000060:	fc010113          	addi	sp,sp,-64
10000064:	128000ef          	jal	1000018c <isr>
10000068:	03c12083          	lw	ra,60(sp)
1000006c:	03812283          	lw	t0,56(sp)
10000070:	03412303          	lw	t1,52(sp)
10000074:	03012383          	lw	t2,48(sp)
10000078:	02c12503          	lw	a0,44(sp)
1000007c:	02812583          	lw	a1,40(sp)
10000080:	02412603          	lw	a2,36(sp)
10000084:	02012683          	lw	a3,32(sp)
10000088:	01c12703          	lw	a4,28(sp)
1000008c:	01812783          	lw	a5,24(sp)
10000090:	01412803          	lw	a6,20(sp)
10000094:	01012883          	lw	a7,16(sp)
10000098:	00c12e03          	lw	t3,12(sp)
1000009c:	00812e83          	lw	t4,8(sp)
100000a0:	00412f03          	lw	t5,4(sp)
100000a4:	00012f83          	lw	t6,0(sp)
100000a8:	04010113          	addi	sp,sp,64
100000ac:	30200073          	mret

100000b0 <crt_init>:
100000b0:	40000113          	li	sp,1024
100000b4:	00000517          	auipc	a0,0x0
100000b8:	f6c50513          	addi	a0,a0,-148 # 10000020 <trap_entry>
100000bc:	30551073          	csrw	mtvec,a0

100000c0 <data_init>:
100000c0:	00000513          	li	a0,0
100000c4:	00000593          	li	a1,0
100000c8:	00001617          	auipc	a2,0x1
100000cc:	13860613          	addi	a2,a2,312 # 10001200 <_erodata>

100000d0 <data_loop>:
100000d0:	00b50c63          	beq	a0,a1,100000e8 <bss_init>
100000d4:	00062683          	lw	a3,0(a2)
100000d8:	00d52023          	sw	a3,0(a0)
100000dc:	00450513          	addi	a0,a0,4
100000e0:	00460613          	addi	a2,a2,4
100000e4:	fedff06f          	j	100000d0 <data_loop>

100000e8 <bss_init>:
100000e8:	00000513          	li	a0,0
100000ec:	00800593          	li	a1,8

100000f0 <bss_loop>:
100000f0:	00b50863          	beq	a0,a1,10000100 <bss_done>
100000f4:	00052023          	sw	zero,0(a0)
100000f8:	00450513          	addi	a0,a0,4
100000fc:	ff5ff06f          	j	100000f0 <bss_loop>

10000100 <bss_done>:
10000100:	00001537          	lui	a0,0x1
10000104:	88050513          	addi	a0,a0,-1920 # 880 <_fstack+0x480>
10000108:	30451073          	csrw	mie,a0
1000010c:	53d000ef          	jal	10000e48 <main>

10000110 <infinit_loop>:
10000110:	0000006f          	j	10000110 <infinit_loop>

10000114 <flush_cpu_icache>:
10000114:	ff010113          	addi	sp,sp,-16
10000118:	00112623          	sw	ra,12(sp)
1000011c:	00812423          	sw	s0,8(sp)
10000120:	01010413          	addi	s0,sp,16
10000124:	00000013          	nop
10000128:	00c12083          	lw	ra,12(sp)
1000012c:	00812403          	lw	s0,8(sp)
10000130:	01010113          	addi	sp,sp,16
10000134:	00008067          	ret

10000138 <flush_cpu_dcache>:
10000138:	ff010113          	addi	sp,sp,-16
1000013c:	00112623          	sw	ra,12(sp)
10000140:	00812423          	sw	s0,8(sp)
10000144:	01010413          	addi	s0,sp,16
10000148:	00000013          	nop
1000014c:	00c12083          	lw	ra,12(sp)
10000150:	00812403          	lw	s0,8(sp)
10000154:	01010113          	addi	sp,sp,16
10000158:	00008067          	ret

1000015c <irq_setmask>:
1000015c:	fe010113          	addi	sp,sp,-32
10000160:	00112e23          	sw	ra,28(sp)
10000164:	00812c23          	sw	s0,24(sp)
10000168:	02010413          	addi	s0,sp,32
1000016c:	fea42623          	sw	a0,-20(s0)
10000170:	fec42783          	lw	a5,-20(s0)
10000174:	bc079073          	csrw	0xbc0,a5
10000178:	00000013          	nop
1000017c:	01c12083          	lw	ra,28(sp)
10000180:	01812403          	lw	s0,24(sp)
10000184:	02010113          	addi	sp,sp,32
10000188:	00008067          	ret

1000018c <isr>:
1000018c:	ff010113          	addi	sp,sp,-16
10000190:	00112623          	sw	ra,12(sp)
10000194:	00812423          	sw	s0,8(sp)
10000198:	01010413          	addi	s0,sp,16
1000019c:	00000513          	li	a0,0
100001a0:	fbdff0ef          	jal	1000015c <irq_setmask>
100001a4:	f00057b7          	lui	a5,0xf0005
100001a8:	01c78793          	addi	a5,a5,28 # f000501c <_erodata+0xe0003e1c>
100001ac:	0007a023          	sw	zero,0(a5)
100001b0:	f00057b7          	lui	a5,0xf0005
100001b4:	00c78793          	addi	a5,a5,12 # f000500c <_erodata+0xe0003e0c>
100001b8:	00100713          	li	a4,1
100001bc:	00e7a023          	sw	a4,0(a5)
100001c0:	f00057b7          	lui	a5,0xf0005
100001c4:	01078793          	addi	a5,a5,16 # f0005010 <_erodata+0xe0003e10>
100001c8:	0007a783          	lw	a5,0(a5)
100001cc:	00079863          	bnez	a5,100001dc <isr+0x50>
100001d0:	00100713          	li	a4,1
100001d4:	00e01023          	sh	a4,0(zero) # 0 <flag>
100001d8:	0140006f          	j	100001ec <isr+0x60>
100001dc:	f00057b7          	lui	a5,0xf0005
100001e0:	01c78793          	addi	a5,a5,28 # f000501c <_erodata+0xe0003e1c>
100001e4:	00100713          	li	a4,1
100001e8:	00e7a023          	sw	a4,0(a5)
100001ec:	00000013          	nop
100001f0:	00000013          	nop
100001f4:	00c12083          	lw	ra,12(sp)
100001f8:	00812403          	lw	s0,8(sp)
100001fc:	01010113          	addi	sp,sp,16
10000200:	00008067          	ret

10000204 <flush_cpu_icache>:
10000204:	ff010113          	addi	sp,sp,-16
10000208:	00112623          	sw	ra,12(sp)
1000020c:	00812423          	sw	s0,8(sp)
10000210:	01010413          	addi	s0,sp,16
10000214:	00000013          	nop
10000218:	00c12083          	lw	ra,12(sp)
1000021c:	00812403          	lw	s0,8(sp)
10000220:	01010113          	addi	sp,sp,16
10000224:	00008067          	ret

10000228 <flush_cpu_dcache>:
10000228:	ff010113          	addi	sp,sp,-16
1000022c:	00112623          	sw	ra,12(sp)
10000230:	00812423          	sw	s0,8(sp)
10000234:	01010413          	addi	s0,sp,16
10000238:	00000013          	nop
1000023c:	00c12083          	lw	ra,12(sp)
10000240:	00812403          	lw	s0,8(sp)
10000244:	01010113          	addi	sp,sp,16
10000248:	00008067          	ret

1000024c <putchar>:
1000024c:	fe010113          	addi	sp,sp,-32
10000250:	00112e23          	sw	ra,28(sp)
10000254:	00812c23          	sw	s0,24(sp)
10000258:	02010413          	addi	s0,sp,32
1000025c:	00050793          	mv	a5,a0
10000260:	fef407a3          	sb	a5,-17(s0)
10000264:	fef44703          	lbu	a4,-17(s0)
10000268:	00a00793          	li	a5,10
1000026c:	00f71663          	bne	a4,a5,10000278 <putchar+0x2c>
10000270:	00d00513          	li	a0,13
10000274:	fd9ff0ef          	jal	1000024c <putchar>
10000278:	00000013          	nop
1000027c:	f00067b7          	lui	a5,0xf0006
10000280:	80478793          	addi	a5,a5,-2044 # f0005804 <_erodata+0xe0004604>
10000284:	0007a703          	lw	a4,0(a5)
10000288:	00100793          	li	a5,1
1000028c:	fef708e3          	beq	a4,a5,1000027c <putchar+0x30>
10000290:	f00067b7          	lui	a5,0xf0006
10000294:	80078793          	addi	a5,a5,-2048 # f0005800 <_erodata+0xe0004600>
10000298:	fef44703          	lbu	a4,-17(s0)
1000029c:	00e7a023          	sw	a4,0(a5)
100002a0:	00000013          	nop
100002a4:	01c12083          	lw	ra,28(sp)
100002a8:	01812403          	lw	s0,24(sp)
100002ac:	02010113          	addi	sp,sp,32
100002b0:	00008067          	ret

100002b4 <print>:
100002b4:	fe010113          	addi	sp,sp,-32
100002b8:	00112e23          	sw	ra,28(sp)
100002bc:	00812c23          	sw	s0,24(sp)
100002c0:	02010413          	addi	s0,sp,32
100002c4:	fea42623          	sw	a0,-20(s0)
100002c8:	01c0006f          	j	100002e4 <print+0x30>
100002cc:	fec42783          	lw	a5,-20(s0)
100002d0:	00178713          	addi	a4,a5,1
100002d4:	fee42623          	sw	a4,-20(s0)
100002d8:	0007c783          	lbu	a5,0(a5)
100002dc:	00078513          	mv	a0,a5
100002e0:	f6dff0ef          	jal	1000024c <putchar>
100002e4:	fec42783          	lw	a5,-20(s0)
100002e8:	0007c783          	lbu	a5,0(a5)
100002ec:	fe0790e3          	bnez	a5,100002cc <print+0x18>
100002f0:	00000013          	nop
100002f4:	00000013          	nop
100002f8:	01c12083          	lw	ra,28(sp)
100002fc:	01812403          	lw	s0,24(sp)
10000300:	02010113          	addi	sp,sp,32
10000304:	00008067          	ret

10000308 <print_hex>:
10000308:	fd010113          	addi	sp,sp,-48
1000030c:	02112623          	sw	ra,44(sp)
10000310:	02812423          	sw	s0,40(sp)
10000314:	03010413          	addi	s0,sp,48
10000318:	fca42e23          	sw	a0,-36(s0)
1000031c:	fcb42c23          	sw	a1,-40(s0)
10000320:	fd842783          	lw	a5,-40(s0)
10000324:	fff78793          	addi	a5,a5,-1
10000328:	fef42623          	sw	a5,-20(s0)
1000032c:	0440006f          	j	10000370 <print_hex+0x68>
10000330:	fec42783          	lw	a5,-20(s0)
10000334:	00279793          	slli	a5,a5,0x2
10000338:	fdc42703          	lw	a4,-36(s0)
1000033c:	00f757b3          	srl	a5,a4,a5
10000340:	00f7f793          	andi	a5,a5,15
10000344:	10001737          	lui	a4,0x10001
10000348:	10070713          	addi	a4,a4,256 # 10001100 <_etext>
1000034c:	00f707b3          	add	a5,a4,a5
10000350:	0007c783          	lbu	a5,0(a5)
10000354:	fef405a3          	sb	a5,-21(s0)
10000358:	feb44783          	lbu	a5,-21(s0)
1000035c:	00078513          	mv	a0,a5
10000360:	eedff0ef          	jal	1000024c <putchar>
10000364:	fec42783          	lw	a5,-20(s0)
10000368:	fff78793          	addi	a5,a5,-1
1000036c:	fef42623          	sw	a5,-20(s0)
10000370:	fec42783          	lw	a5,-20(s0)
10000374:	fa07dee3          	bgez	a5,10000330 <print_hex+0x28>
10000378:	00000013          	nop
1000037c:	00000013          	nop
10000380:	02c12083          	lw	ra,44(sp)
10000384:	02812403          	lw	s0,40(sp)
10000388:	03010113          	addi	sp,sp,48
1000038c:	00008067          	ret

10000390 <print_dec>:
10000390:	fe010113          	addi	sp,sp,-32
10000394:	00112e23          	sw	ra,28(sp)
10000398:	00812c23          	sw	s0,24(sp)
1000039c:	02010413          	addi	s0,sp,32
100003a0:	fea42623          	sw	a0,-20(s0)
100003a4:	fec42703          	lw	a4,-20(s0)
100003a8:	7cf00793          	li	a5,1999
100003ac:	00e7fa63          	bgeu	a5,a4,100003c0 <print_dec+0x30>
100003b0:	100017b7          	lui	a5,0x10001
100003b4:	11478513          	addi	a0,a5,276 # 10001114 <_etext+0x14>
100003b8:	efdff0ef          	jal	100002b4 <print>
100003bc:	4100006f          	j	100007cc <print_dec+0x43c>
100003c0:	fec42703          	lw	a4,-20(s0)
100003c4:	3e700793          	li	a5,999
100003c8:	00e7fe63          	bgeu	a5,a4,100003e4 <print_dec+0x54>
100003cc:	03100513          	li	a0,49
100003d0:	e7dff0ef          	jal	1000024c <putchar>
100003d4:	fec42783          	lw	a5,-20(s0)
100003d8:	c1878793          	addi	a5,a5,-1000
100003dc:	fef42623          	sw	a5,-20(s0)
100003e0:	00c0006f          	j	100003ec <print_dec+0x5c>
100003e4:	02000513          	li	a0,32
100003e8:	e65ff0ef          	jal	1000024c <putchar>
100003ec:	fec42703          	lw	a4,-20(s0)
100003f0:	38300793          	li	a5,899
100003f4:	00e7fe63          	bgeu	a5,a4,10000410 <print_dec+0x80>
100003f8:	03900513          	li	a0,57
100003fc:	e51ff0ef          	jal	1000024c <putchar>
10000400:	fec42783          	lw	a5,-20(s0)
10000404:	c7c78793          	addi	a5,a5,-900
10000408:	fef42623          	sw	a5,-20(s0)
1000040c:	12c0006f          	j	10000538 <print_dec+0x1a8>
10000410:	fec42703          	lw	a4,-20(s0)
10000414:	31f00793          	li	a5,799
10000418:	00e7fe63          	bgeu	a5,a4,10000434 <print_dec+0xa4>
1000041c:	03800513          	li	a0,56
10000420:	e2dff0ef          	jal	1000024c <putchar>
10000424:	fec42783          	lw	a5,-20(s0)
10000428:	ce078793          	addi	a5,a5,-800
1000042c:	fef42623          	sw	a5,-20(s0)
10000430:	1080006f          	j	10000538 <print_dec+0x1a8>
10000434:	fec42703          	lw	a4,-20(s0)
10000438:	2bb00793          	li	a5,699
1000043c:	00e7fe63          	bgeu	a5,a4,10000458 <print_dec+0xc8>
10000440:	03700513          	li	a0,55
10000444:	e09ff0ef          	jal	1000024c <putchar>
10000448:	fec42783          	lw	a5,-20(s0)
1000044c:	d4478793          	addi	a5,a5,-700
10000450:	fef42623          	sw	a5,-20(s0)
10000454:	0e40006f          	j	10000538 <print_dec+0x1a8>
10000458:	fec42703          	lw	a4,-20(s0)
1000045c:	25700793          	li	a5,599
10000460:	00e7fe63          	bgeu	a5,a4,1000047c <print_dec+0xec>
10000464:	03600513          	li	a0,54
10000468:	de5ff0ef          	jal	1000024c <putchar>
1000046c:	fec42783          	lw	a5,-20(s0)
10000470:	da878793          	addi	a5,a5,-600
10000474:	fef42623          	sw	a5,-20(s0)
10000478:	0c00006f          	j	10000538 <print_dec+0x1a8>
1000047c:	fec42703          	lw	a4,-20(s0)
10000480:	1f300793          	li	a5,499
10000484:	00e7fe63          	bgeu	a5,a4,100004a0 <print_dec+0x110>
10000488:	03500513          	li	a0,53
1000048c:	dc1ff0ef          	jal	1000024c <putchar>
10000490:	fec42783          	lw	a5,-20(s0)
10000494:	e0c78793          	addi	a5,a5,-500
10000498:	fef42623          	sw	a5,-20(s0)
1000049c:	09c0006f          	j	10000538 <print_dec+0x1a8>
100004a0:	fec42703          	lw	a4,-20(s0)
100004a4:	18f00793          	li	a5,399
100004a8:	00e7fe63          	bgeu	a5,a4,100004c4 <print_dec+0x134>
100004ac:	03400513          	li	a0,52
100004b0:	d9dff0ef          	jal	1000024c <putchar>
100004b4:	fec42783          	lw	a5,-20(s0)
100004b8:	e7078793          	addi	a5,a5,-400
100004bc:	fef42623          	sw	a5,-20(s0)
100004c0:	0780006f          	j	10000538 <print_dec+0x1a8>
100004c4:	fec42703          	lw	a4,-20(s0)
100004c8:	12b00793          	li	a5,299
100004cc:	00e7fe63          	bgeu	a5,a4,100004e8 <print_dec+0x158>
100004d0:	03300513          	li	a0,51
100004d4:	d79ff0ef          	jal	1000024c <putchar>
100004d8:	fec42783          	lw	a5,-20(s0)
100004dc:	ed478793          	addi	a5,a5,-300
100004e0:	fef42623          	sw	a5,-20(s0)
100004e4:	0540006f          	j	10000538 <print_dec+0x1a8>
100004e8:	fec42703          	lw	a4,-20(s0)
100004ec:	0c700793          	li	a5,199
100004f0:	00e7fe63          	bgeu	a5,a4,1000050c <print_dec+0x17c>
100004f4:	03200513          	li	a0,50
100004f8:	d55ff0ef          	jal	1000024c <putchar>
100004fc:	fec42783          	lw	a5,-20(s0)
10000500:	f3878793          	addi	a5,a5,-200
10000504:	fef42623          	sw	a5,-20(s0)
10000508:	0300006f          	j	10000538 <print_dec+0x1a8>
1000050c:	fec42703          	lw	a4,-20(s0)
10000510:	06300793          	li	a5,99
10000514:	00e7fe63          	bgeu	a5,a4,10000530 <print_dec+0x1a0>
10000518:	03100513          	li	a0,49
1000051c:	d31ff0ef          	jal	1000024c <putchar>
10000520:	fec42783          	lw	a5,-20(s0)
10000524:	f9c78793          	addi	a5,a5,-100
10000528:	fef42623          	sw	a5,-20(s0)
1000052c:	00c0006f          	j	10000538 <print_dec+0x1a8>
10000530:	03000513          	li	a0,48
10000534:	d19ff0ef          	jal	1000024c <putchar>
10000538:	fec42703          	lw	a4,-20(s0)
1000053c:	05900793          	li	a5,89
10000540:	00e7fe63          	bgeu	a5,a4,1000055c <print_dec+0x1cc>
10000544:	03900513          	li	a0,57
10000548:	d05ff0ef          	jal	1000024c <putchar>
1000054c:	fec42783          	lw	a5,-20(s0)
10000550:	fa678793          	addi	a5,a5,-90
10000554:	fef42623          	sw	a5,-20(s0)
10000558:	12c0006f          	j	10000684 <print_dec+0x2f4>
1000055c:	fec42703          	lw	a4,-20(s0)
10000560:	04f00793          	li	a5,79
10000564:	00e7fe63          	bgeu	a5,a4,10000580 <print_dec+0x1f0>
10000568:	03800513          	li	a0,56
1000056c:	ce1ff0ef          	jal	1000024c <putchar>
10000570:	fec42783          	lw	a5,-20(s0)
10000574:	fb078793          	addi	a5,a5,-80
10000578:	fef42623          	sw	a5,-20(s0)
1000057c:	1080006f          	j	10000684 <print_dec+0x2f4>
10000580:	fec42703          	lw	a4,-20(s0)
10000584:	04500793          	li	a5,69
10000588:	00e7fe63          	bgeu	a5,a4,100005a4 <print_dec+0x214>
1000058c:	03700513          	li	a0,55
10000590:	cbdff0ef          	jal	1000024c <putchar>
10000594:	fec42783          	lw	a5,-20(s0)
10000598:	fba78793          	addi	a5,a5,-70
1000059c:	fef42623          	sw	a5,-20(s0)
100005a0:	0e40006f          	j	10000684 <print_dec+0x2f4>
100005a4:	fec42703          	lw	a4,-20(s0)
100005a8:	03b00793          	li	a5,59
100005ac:	00e7fe63          	bgeu	a5,a4,100005c8 <print_dec+0x238>
100005b0:	03600513          	li	a0,54
100005b4:	c99ff0ef          	jal	1000024c <putchar>
100005b8:	fec42783          	lw	a5,-20(s0)
100005bc:	fc478793          	addi	a5,a5,-60
100005c0:	fef42623          	sw	a5,-20(s0)
100005c4:	0c00006f          	j	10000684 <print_dec+0x2f4>
100005c8:	fec42703          	lw	a4,-20(s0)
100005cc:	03100793          	li	a5,49
100005d0:	00e7fe63          	bgeu	a5,a4,100005ec <print_dec+0x25c>
100005d4:	03500513          	li	a0,53
100005d8:	c75ff0ef          	jal	1000024c <putchar>
100005dc:	fec42783          	lw	a5,-20(s0)
100005e0:	fce78793          	addi	a5,a5,-50
100005e4:	fef42623          	sw	a5,-20(s0)
100005e8:	09c0006f          	j	10000684 <print_dec+0x2f4>
100005ec:	fec42703          	lw	a4,-20(s0)
100005f0:	02700793          	li	a5,39
100005f4:	00e7fe63          	bgeu	a5,a4,10000610 <print_dec+0x280>
100005f8:	03400513          	li	a0,52
100005fc:	c51ff0ef          	jal	1000024c <putchar>
10000600:	fec42783          	lw	a5,-20(s0)
10000604:	fd878793          	addi	a5,a5,-40
10000608:	fef42623          	sw	a5,-20(s0)
1000060c:	0780006f          	j	10000684 <print_dec+0x2f4>
10000610:	fec42703          	lw	a4,-20(s0)
10000614:	01d00793          	li	a5,29
10000618:	00e7fe63          	bgeu	a5,a4,10000634 <print_dec+0x2a4>
1000061c:	03300513          	li	a0,51
10000620:	c2dff0ef          	jal	1000024c <putchar>
10000624:	fec42783          	lw	a5,-20(s0)
10000628:	fe278793          	addi	a5,a5,-30
1000062c:	fef42623          	sw	a5,-20(s0)
10000630:	0540006f          	j	10000684 <print_dec+0x2f4>
10000634:	fec42703          	lw	a4,-20(s0)
10000638:	01300793          	li	a5,19
1000063c:	00e7fe63          	bgeu	a5,a4,10000658 <print_dec+0x2c8>
10000640:	03200513          	li	a0,50
10000644:	c09ff0ef          	jal	1000024c <putchar>
10000648:	fec42783          	lw	a5,-20(s0)
1000064c:	fec78793          	addi	a5,a5,-20
10000650:	fef42623          	sw	a5,-20(s0)
10000654:	0300006f          	j	10000684 <print_dec+0x2f4>
10000658:	fec42703          	lw	a4,-20(s0)
1000065c:	00900793          	li	a5,9
10000660:	00e7fe63          	bgeu	a5,a4,1000067c <print_dec+0x2ec>
10000664:	03100513          	li	a0,49
10000668:	be5ff0ef          	jal	1000024c <putchar>
1000066c:	fec42783          	lw	a5,-20(s0)
10000670:	ff678793          	addi	a5,a5,-10
10000674:	fef42623          	sw	a5,-20(s0)
10000678:	00c0006f          	j	10000684 <print_dec+0x2f4>
1000067c:	03000513          	li	a0,48
10000680:	bcdff0ef          	jal	1000024c <putchar>
10000684:	fec42703          	lw	a4,-20(s0)
10000688:	00800793          	li	a5,8
1000068c:	00e7fe63          	bgeu	a5,a4,100006a8 <print_dec+0x318>
10000690:	03900513          	li	a0,57
10000694:	bb9ff0ef          	jal	1000024c <putchar>
10000698:	fec42783          	lw	a5,-20(s0)
1000069c:	ff778793          	addi	a5,a5,-9
100006a0:	fef42623          	sw	a5,-20(s0)
100006a4:	1280006f          	j	100007cc <print_dec+0x43c>
100006a8:	fec42703          	lw	a4,-20(s0)
100006ac:	00700793          	li	a5,7
100006b0:	00e7fe63          	bgeu	a5,a4,100006cc <print_dec+0x33c>
100006b4:	03800513          	li	a0,56
100006b8:	b95ff0ef          	jal	1000024c <putchar>
100006bc:	fec42783          	lw	a5,-20(s0)
100006c0:	ff878793          	addi	a5,a5,-8
100006c4:	fef42623          	sw	a5,-20(s0)
100006c8:	1040006f          	j	100007cc <print_dec+0x43c>
100006cc:	fec42703          	lw	a4,-20(s0)
100006d0:	00600793          	li	a5,6
100006d4:	00e7fe63          	bgeu	a5,a4,100006f0 <print_dec+0x360>
100006d8:	03700513          	li	a0,55
100006dc:	b71ff0ef          	jal	1000024c <putchar>
100006e0:	fec42783          	lw	a5,-20(s0)
100006e4:	ff978793          	addi	a5,a5,-7
100006e8:	fef42623          	sw	a5,-20(s0)
100006ec:	0e00006f          	j	100007cc <print_dec+0x43c>
100006f0:	fec42703          	lw	a4,-20(s0)
100006f4:	00500793          	li	a5,5
100006f8:	00e7fe63          	bgeu	a5,a4,10000714 <print_dec+0x384>
100006fc:	03600513          	li	a0,54
10000700:	b4dff0ef          	jal	1000024c <putchar>
10000704:	fec42783          	lw	a5,-20(s0)
10000708:	ffa78793          	addi	a5,a5,-6
1000070c:	fef42623          	sw	a5,-20(s0)
10000710:	0bc0006f          	j	100007cc <print_dec+0x43c>
10000714:	fec42703          	lw	a4,-20(s0)
10000718:	00400793          	li	a5,4
1000071c:	00e7fe63          	bgeu	a5,a4,10000738 <print_dec+0x3a8>
10000720:	03500513          	li	a0,53
10000724:	b29ff0ef          	jal	1000024c <putchar>
10000728:	fec42783          	lw	a5,-20(s0)
1000072c:	ffb78793          	addi	a5,a5,-5
10000730:	fef42623          	sw	a5,-20(s0)
10000734:	0980006f          	j	100007cc <print_dec+0x43c>
10000738:	fec42703          	lw	a4,-20(s0)
1000073c:	00300793          	li	a5,3
10000740:	00e7fe63          	bgeu	a5,a4,1000075c <print_dec+0x3cc>
10000744:	03400513          	li	a0,52
10000748:	b05ff0ef          	jal	1000024c <putchar>
1000074c:	fec42783          	lw	a5,-20(s0)
10000750:	ffc78793          	addi	a5,a5,-4
10000754:	fef42623          	sw	a5,-20(s0)
10000758:	0740006f          	j	100007cc <print_dec+0x43c>
1000075c:	fec42703          	lw	a4,-20(s0)
10000760:	00200793          	li	a5,2
10000764:	00e7fe63          	bgeu	a5,a4,10000780 <print_dec+0x3f0>
10000768:	03300513          	li	a0,51
1000076c:	ae1ff0ef          	jal	1000024c <putchar>
10000770:	fec42783          	lw	a5,-20(s0)
10000774:	ffd78793          	addi	a5,a5,-3
10000778:	fef42623          	sw	a5,-20(s0)
1000077c:	0500006f          	j	100007cc <print_dec+0x43c>
10000780:	fec42703          	lw	a4,-20(s0)
10000784:	00100793          	li	a5,1
10000788:	00e7fe63          	bgeu	a5,a4,100007a4 <print_dec+0x414>
1000078c:	03200513          	li	a0,50
10000790:	abdff0ef          	jal	1000024c <putchar>
10000794:	fec42783          	lw	a5,-20(s0)
10000798:	ffe78793          	addi	a5,a5,-2
1000079c:	fef42623          	sw	a5,-20(s0)
100007a0:	02c0006f          	j	100007cc <print_dec+0x43c>
100007a4:	fec42783          	lw	a5,-20(s0)
100007a8:	00078e63          	beqz	a5,100007c4 <print_dec+0x434>
100007ac:	03100513          	li	a0,49
100007b0:	a9dff0ef          	jal	1000024c <putchar>
100007b4:	fec42783          	lw	a5,-20(s0)
100007b8:	fff78793          	addi	a5,a5,-1
100007bc:	fef42623          	sw	a5,-20(s0)
100007c0:	00c0006f          	j	100007cc <print_dec+0x43c>
100007c4:	03000513          	li	a0,48
100007c8:	a85ff0ef          	jal	1000024c <putchar>
100007cc:	01c12083          	lw	ra,28(sp)
100007d0:	01812403          	lw	s0,24(sp)
100007d4:	02010113          	addi	sp,sp,32
100007d8:	00008067          	ret

100007dc <print_digit>:
100007dc:	fe010113          	addi	sp,sp,-32
100007e0:	00112e23          	sw	ra,28(sp)
100007e4:	00812c23          	sw	s0,24(sp)
100007e8:	02010413          	addi	s0,sp,32
100007ec:	fea42623          	sw	a0,-20(s0)
100007f0:	fec42783          	lw	a5,-20(s0)
100007f4:	00f7f793          	andi	a5,a5,15
100007f8:	fef42623          	sw	a5,-20(s0)
100007fc:	fec42703          	lw	a4,-20(s0)
10000800:	00900793          	li	a5,9
10000804:	00f71863          	bne	a4,a5,10000814 <print_digit+0x38>
10000808:	03900513          	li	a0,57
1000080c:	a41ff0ef          	jal	1000024c <putchar>
10000810:	1700006f          	j	10000980 <print_digit+0x1a4>
10000814:	fec42703          	lw	a4,-20(s0)
10000818:	00800793          	li	a5,8
1000081c:	00f71863          	bne	a4,a5,1000082c <print_digit+0x50>
10000820:	03800513          	li	a0,56
10000824:	a29ff0ef          	jal	1000024c <putchar>
10000828:	1580006f          	j	10000980 <print_digit+0x1a4>
1000082c:	fec42703          	lw	a4,-20(s0)
10000830:	00700793          	li	a5,7
10000834:	00f71863          	bne	a4,a5,10000844 <print_digit+0x68>
10000838:	03700513          	li	a0,55
1000083c:	a11ff0ef          	jal	1000024c <putchar>
10000840:	1400006f          	j	10000980 <print_digit+0x1a4>
10000844:	fec42703          	lw	a4,-20(s0)
10000848:	00600793          	li	a5,6
1000084c:	00f71863          	bne	a4,a5,1000085c <print_digit+0x80>
10000850:	03600513          	li	a0,54
10000854:	9f9ff0ef          	jal	1000024c <putchar>
10000858:	1280006f          	j	10000980 <print_digit+0x1a4>
1000085c:	fec42703          	lw	a4,-20(s0)
10000860:	00500793          	li	a5,5
10000864:	00f71863          	bne	a4,a5,10000874 <print_digit+0x98>
10000868:	03500513          	li	a0,53
1000086c:	9e1ff0ef          	jal	1000024c <putchar>
10000870:	1100006f          	j	10000980 <print_digit+0x1a4>
10000874:	fec42703          	lw	a4,-20(s0)
10000878:	00400793          	li	a5,4
1000087c:	00f71863          	bne	a4,a5,1000088c <print_digit+0xb0>
10000880:	03400513          	li	a0,52
10000884:	9c9ff0ef          	jal	1000024c <putchar>
10000888:	0f80006f          	j	10000980 <print_digit+0x1a4>
1000088c:	fec42703          	lw	a4,-20(s0)
10000890:	00300793          	li	a5,3
10000894:	00f71863          	bne	a4,a5,100008a4 <print_digit+0xc8>
10000898:	03300513          	li	a0,51
1000089c:	9b1ff0ef          	jal	1000024c <putchar>
100008a0:	0e00006f          	j	10000980 <print_digit+0x1a4>
100008a4:	fec42703          	lw	a4,-20(s0)
100008a8:	00200793          	li	a5,2
100008ac:	00f71863          	bne	a4,a5,100008bc <print_digit+0xe0>
100008b0:	03200513          	li	a0,50
100008b4:	999ff0ef          	jal	1000024c <putchar>
100008b8:	0c80006f          	j	10000980 <print_digit+0x1a4>
100008bc:	fec42703          	lw	a4,-20(s0)
100008c0:	00100793          	li	a5,1
100008c4:	00f71863          	bne	a4,a5,100008d4 <print_digit+0xf8>
100008c8:	03100513          	li	a0,49
100008cc:	981ff0ef          	jal	1000024c <putchar>
100008d0:	0b00006f          	j	10000980 <print_digit+0x1a4>
100008d4:	fec42783          	lw	a5,-20(s0)
100008d8:	00079863          	bnez	a5,100008e8 <print_digit+0x10c>
100008dc:	03000513          	li	a0,48
100008e0:	96dff0ef          	jal	1000024c <putchar>
100008e4:	09c0006f          	j	10000980 <print_digit+0x1a4>
100008e8:	fec42703          	lw	a4,-20(s0)
100008ec:	00a00793          	li	a5,10
100008f0:	00f71863          	bne	a4,a5,10000900 <print_digit+0x124>
100008f4:	06100513          	li	a0,97
100008f8:	955ff0ef          	jal	1000024c <putchar>
100008fc:	0840006f          	j	10000980 <print_digit+0x1a4>
10000900:	fec42703          	lw	a4,-20(s0)
10000904:	00b00793          	li	a5,11
10000908:	00f71863          	bne	a4,a5,10000918 <print_digit+0x13c>
1000090c:	06200513          	li	a0,98
10000910:	93dff0ef          	jal	1000024c <putchar>
10000914:	06c0006f          	j	10000980 <print_digit+0x1a4>
10000918:	fec42703          	lw	a4,-20(s0)
1000091c:	00c00793          	li	a5,12
10000920:	00f71863          	bne	a4,a5,10000930 <print_digit+0x154>
10000924:	06300513          	li	a0,99
10000928:	925ff0ef          	jal	1000024c <putchar>
1000092c:	0540006f          	j	10000980 <print_digit+0x1a4>
10000930:	fec42703          	lw	a4,-20(s0)
10000934:	00d00793          	li	a5,13
10000938:	00f71863          	bne	a4,a5,10000948 <print_digit+0x16c>
1000093c:	06400513          	li	a0,100
10000940:	90dff0ef          	jal	1000024c <putchar>
10000944:	03c0006f          	j	10000980 <print_digit+0x1a4>
10000948:	fec42703          	lw	a4,-20(s0)
1000094c:	00e00793          	li	a5,14
10000950:	00f71863          	bne	a4,a5,10000960 <print_digit+0x184>
10000954:	06500513          	li	a0,101
10000958:	8f5ff0ef          	jal	1000024c <putchar>
1000095c:	0240006f          	j	10000980 <print_digit+0x1a4>
10000960:	fec42703          	lw	a4,-20(s0)
10000964:	00f00793          	li	a5,15
10000968:	00f71863          	bne	a4,a5,10000978 <print_digit+0x19c>
1000096c:	06600513          	li	a0,102
10000970:	8ddff0ef          	jal	1000024c <putchar>
10000974:	00c0006f          	j	10000980 <print_digit+0x1a4>
10000978:	02a00513          	li	a0,42
1000097c:	8d1ff0ef          	jal	1000024c <putchar>
10000980:	00000013          	nop
10000984:	01c12083          	lw	ra,28(sp)
10000988:	01812403          	lw	s0,24(sp)
1000098c:	02010113          	addi	sp,sp,32
10000990:	00008067          	ret

10000994 <flush_cpu_icache>:
10000994:	ff010113          	addi	sp,sp,-16
10000998:	00112623          	sw	ra,12(sp)
1000099c:	00812423          	sw	s0,8(sp)
100009a0:	01010413          	addi	s0,sp,16
100009a4:	00000013          	nop
100009a8:	00c12083          	lw	ra,12(sp)
100009ac:	00812403          	lw	s0,8(sp)
100009b0:	01010113          	addi	sp,sp,16
100009b4:	00008067          	ret

100009b8 <flush_cpu_dcache>:
100009b8:	ff010113          	addi	sp,sp,-16
100009bc:	00112623          	sw	ra,12(sp)
100009c0:	00812423          	sw	s0,8(sp)
100009c4:	01010413          	addi	s0,sp,16
100009c8:	00000013          	nop
100009cc:	00c12083          	lw	ra,12(sp)
100009d0:	00812403          	lw	s0,8(sp)
100009d4:	01010113          	addi	sp,sp,16
100009d8:	00008067          	ret

100009dc <configure_io>:
100009dc:	ff010113          	addi	sp,sp,-16
100009e0:	00112623          	sw	ra,12(sp)
100009e4:	00812423          	sw	s0,8(sp)
100009e8:	01010413          	addi	s0,sp,16
100009ec:	260007b7          	lui	a5,0x26000
100009f0:	06c78793          	addi	a5,a5,108 # 2600006c <_erodata+0x15ffee6c>
100009f4:	00002737          	lui	a4,0x2
100009f8:	80970713          	addi	a4,a4,-2039 # 1809 <_fstack+0x1409>
100009fc:	00e7a023          	sw	a4,0(a5)
10000a00:	260007b7          	lui	a5,0x26000
10000a04:	07078793          	addi	a5,a5,112 # 26000070 <_erodata+0x15ffee70>
10000a08:	00002737          	lui	a4,0x2
10000a0c:	80970713          	addi	a4,a4,-2039 # 1809 <_fstack+0x1409>
10000a10:	00e7a023          	sw	a4,0(a5)
10000a14:	260007b7          	lui	a5,0x26000
10000a18:	07478793          	addi	a5,a5,116 # 26000074 <_erodata+0x15ffee74>
10000a1c:	00002737          	lui	a4,0x2
10000a20:	80970713          	addi	a4,a4,-2039 # 1809 <_fstack+0x1409>
10000a24:	00e7a023          	sw	a4,0(a5)
10000a28:	260007b7          	lui	a5,0x26000
10000a2c:	07878793          	addi	a5,a5,120 # 26000078 <_erodata+0x15ffee78>
10000a30:	00002737          	lui	a4,0x2
10000a34:	80970713          	addi	a4,a4,-2039 # 1809 <_fstack+0x1409>
10000a38:	00e7a023          	sw	a4,0(a5)
10000a3c:	260007b7          	lui	a5,0x26000
10000a40:	07c78793          	addi	a5,a5,124 # 2600007c <_erodata+0x15ffee7c>
10000a44:	00002737          	lui	a4,0x2
10000a48:	80970713          	addi	a4,a4,-2039 # 1809 <_fstack+0x1409>
10000a4c:	00e7a023          	sw	a4,0(a5)
10000a50:	260007b7          	lui	a5,0x26000
10000a54:	08078793          	addi	a5,a5,128 # 26000080 <_erodata+0x15ffee80>
10000a58:	00002737          	lui	a4,0x2
10000a5c:	80970713          	addi	a4,a4,-2039 # 1809 <_fstack+0x1409>
10000a60:	00e7a023          	sw	a4,0(a5)
10000a64:	260007b7          	lui	a5,0x26000
10000a68:	08478793          	addi	a5,a5,132 # 26000084 <_erodata+0x15ffee84>
10000a6c:	00002737          	lui	a4,0x2
10000a70:	80970713          	addi	a4,a4,-2039 # 1809 <_fstack+0x1409>
10000a74:	00e7a023          	sw	a4,0(a5)
10000a78:	260007b7          	lui	a5,0x26000
10000a7c:	08878793          	addi	a5,a5,136 # 26000088 <_erodata+0x15ffee88>
10000a80:	00002737          	lui	a4,0x2
10000a84:	80970713          	addi	a4,a4,-2039 # 1809 <_fstack+0x1409>
10000a88:	00e7a023          	sw	a4,0(a5)
10000a8c:	260007b7          	lui	a5,0x26000
10000a90:	08c78793          	addi	a5,a5,140 # 2600008c <_erodata+0x15ffee8c>
10000a94:	00002737          	lui	a4,0x2
10000a98:	80970713          	addi	a4,a4,-2039 # 1809 <_fstack+0x1409>
10000a9c:	00e7a023          	sw	a4,0(a5)
10000aa0:	260007b7          	lui	a5,0x26000
10000aa4:	09078793          	addi	a5,a5,144 # 26000090 <_erodata+0x15ffee90>
10000aa8:	00002737          	lui	a4,0x2
10000aac:	80970713          	addi	a4,a4,-2039 # 1809 <_fstack+0x1409>
10000ab0:	00e7a023          	sw	a4,0(a5)
10000ab4:	260007b7          	lui	a5,0x26000
10000ab8:	09478793          	addi	a5,a5,148 # 26000094 <_erodata+0x15ffee94>
10000abc:	00002737          	lui	a4,0x2
10000ac0:	80970713          	addi	a4,a4,-2039 # 1809 <_fstack+0x1409>
10000ac4:	00e7a023          	sw	a4,0(a5)
10000ac8:	260007b7          	lui	a5,0x26000
10000acc:	09878793          	addi	a5,a5,152 # 26000098 <_erodata+0x15ffee98>
10000ad0:	00002737          	lui	a4,0x2
10000ad4:	80970713          	addi	a4,a4,-2039 # 1809 <_fstack+0x1409>
10000ad8:	00e7a023          	sw	a4,0(a5)
10000adc:	260007b7          	lui	a5,0x26000
10000ae0:	09c78793          	addi	a5,a5,156 # 2600009c <_erodata+0x15ffee9c>
10000ae4:	00002737          	lui	a4,0x2
10000ae8:	80970713          	addi	a4,a4,-2039 # 1809 <_fstack+0x1409>
10000aec:	00e7a023          	sw	a4,0(a5)
10000af0:	260007b7          	lui	a5,0x26000
10000af4:	0a078793          	addi	a5,a5,160 # 260000a0 <_erodata+0x15ffeea0>
10000af8:	00002737          	lui	a4,0x2
10000afc:	80970713          	addi	a4,a4,-2039 # 1809 <_fstack+0x1409>
10000b00:	00e7a023          	sw	a4,0(a5)
10000b04:	260007b7          	lui	a5,0x26000
10000b08:	0a478793          	addi	a5,a5,164 # 260000a4 <_erodata+0x15ffeea4>
10000b0c:	00002737          	lui	a4,0x2
10000b10:	80970713          	addi	a4,a4,-2039 # 1809 <_fstack+0x1409>
10000b14:	00e7a023          	sw	a4,0(a5)
10000b18:	260007b7          	lui	a5,0x26000
10000b1c:	0a878793          	addi	a5,a5,168 # 260000a8 <_erodata+0x15ffeea8>
10000b20:	00002737          	lui	a4,0x2
10000b24:	80970713          	addi	a4,a4,-2039 # 1809 <_fstack+0x1409>
10000b28:	00e7a023          	sw	a4,0(a5)
10000b2c:	260007b7          	lui	a5,0x26000
10000b30:	0ac78793          	addi	a5,a5,172 # 260000ac <_erodata+0x15ffeeac>
10000b34:	00002737          	lui	a4,0x2
10000b38:	80970713          	addi	a4,a4,-2039 # 1809 <_fstack+0x1409>
10000b3c:	00e7a023          	sw	a4,0(a5)
10000b40:	260007b7          	lui	a5,0x26000
10000b44:	0b078793          	addi	a5,a5,176 # 260000b0 <_erodata+0x15ffeeb0>
10000b48:	00002737          	lui	a4,0x2
10000b4c:	80970713          	addi	a4,a4,-2039 # 1809 <_fstack+0x1409>
10000b50:	00e7a023          	sw	a4,0(a5)
10000b54:	260007b7          	lui	a5,0x26000
10000b58:	0b478793          	addi	a5,a5,180 # 260000b4 <_erodata+0x15ffeeb4>
10000b5c:	00002737          	lui	a4,0x2
10000b60:	80970713          	addi	a4,a4,-2039 # 1809 <_fstack+0x1409>
10000b64:	00e7a023          	sw	a4,0(a5)
10000b68:	260007b7          	lui	a5,0x26000
10000b6c:	0b878793          	addi	a5,a5,184 # 260000b8 <_erodata+0x15ffeeb8>
10000b70:	00002737          	lui	a4,0x2
10000b74:	80970713          	addi	a4,a4,-2039 # 1809 <_fstack+0x1409>
10000b78:	00e7a023          	sw	a4,0(a5)
10000b7c:	260007b7          	lui	a5,0x26000
10000b80:	05c78793          	addi	a5,a5,92 # 2600005c <_erodata+0x15ffee5c>
10000b84:	00002737          	lui	a4,0x2
10000b88:	80270713          	addi	a4,a4,-2046 # 1802 <_fstack+0x1402>
10000b8c:	00e7a023          	sw	a4,0(a5)
10000b90:	260007b7          	lui	a5,0x26000
10000b94:	06078793          	addi	a5,a5,96 # 26000060 <_erodata+0x15ffee60>
10000b98:	00002737          	lui	a4,0x2
10000b9c:	80270713          	addi	a4,a4,-2046 # 1802 <_fstack+0x1402>
10000ba0:	00e7a023          	sw	a4,0(a5)
10000ba4:	260007b7          	lui	a5,0x26000
10000ba8:	06478793          	addi	a5,a5,100 # 26000064 <_erodata+0x15ffee64>
10000bac:	00002737          	lui	a4,0x2
10000bb0:	80270713          	addi	a4,a4,-2046 # 1802 <_fstack+0x1402>
10000bb4:	00e7a023          	sw	a4,0(a5)
10000bb8:	260007b7          	lui	a5,0x26000
10000bbc:	06878793          	addi	a5,a5,104 # 26000068 <_erodata+0x15ffee68>
10000bc0:	00002737          	lui	a4,0x2
10000bc4:	80270713          	addi	a4,a4,-2046 # 1802 <_fstack+0x1402>
10000bc8:	00e7a023          	sw	a4,0(a5)
10000bcc:	260007b7          	lui	a5,0x26000
10000bd0:	04c78793          	addi	a5,a5,76 # 2600004c <_erodata+0x15ffee4c>
10000bd4:	00002737          	lui	a4,0x2
10000bd8:	80270713          	addi	a4,a4,-2046 # 1802 <_fstack+0x1402>
10000bdc:	00e7a023          	sw	a4,0(a5)
10000be0:	260007b7          	lui	a5,0x26000
10000be4:	05078793          	addi	a5,a5,80 # 26000050 <_erodata+0x15ffee50>
10000be8:	00002737          	lui	a4,0x2
10000bec:	80270713          	addi	a4,a4,-2046 # 1802 <_fstack+0x1402>
10000bf0:	00e7a023          	sw	a4,0(a5)
10000bf4:	260007b7          	lui	a5,0x26000
10000bf8:	05478793          	addi	a5,a5,84 # 26000054 <_erodata+0x15ffee54>
10000bfc:	00002737          	lui	a4,0x2
10000c00:	80270713          	addi	a4,a4,-2046 # 1802 <_fstack+0x1402>
10000c04:	00e7a023          	sw	a4,0(a5)
10000c08:	260007b7          	lui	a5,0x26000
10000c0c:	05878793          	addi	a5,a5,88 # 26000058 <_erodata+0x15ffee58>
10000c10:	00002737          	lui	a4,0x2
10000c14:	80270713          	addi	a4,a4,-2046 # 1802 <_fstack+0x1402>
10000c18:	00e7a023          	sw	a4,0(a5)
10000c1c:	260007b7          	lui	a5,0x26000
10000c20:	03878793          	addi	a5,a5,56 # 26000038 <_erodata+0x15ffee38>
10000c24:	00002737          	lui	a4,0x2
10000c28:	80270713          	addi	a4,a4,-2046 # 1802 <_fstack+0x1402>
10000c2c:	00e7a023          	sw	a4,0(a5)
10000c30:	260007b7          	lui	a5,0x26000
10000c34:	03478793          	addi	a5,a5,52 # 26000034 <_erodata+0x15ffee34>
10000c38:	00002737          	lui	a4,0x2
10000c3c:	80270713          	addi	a4,a4,-2046 # 1802 <_fstack+0x1402>
10000c40:	00e7a023          	sw	a4,0(a5)
10000c44:	260007b7          	lui	a5,0x26000
10000c48:	03c78793          	addi	a5,a5,60 # 2600003c <_erodata+0x15ffee3c>
10000c4c:	00002737          	lui	a4,0x2
10000c50:	80270713          	addi	a4,a4,-2046 # 1802 <_fstack+0x1402>
10000c54:	00e7a023          	sw	a4,0(a5)
10000c58:	260007b7          	lui	a5,0x26000
10000c5c:	04078793          	addi	a5,a5,64 # 26000040 <_erodata+0x15ffee40>
10000c60:	00002737          	lui	a4,0x2
10000c64:	80270713          	addi	a4,a4,-2046 # 1802 <_fstack+0x1402>
10000c68:	00e7a023          	sw	a4,0(a5)
10000c6c:	260007b7          	lui	a5,0x26000
10000c70:	04478793          	addi	a5,a5,68 # 26000044 <_erodata+0x15ffee44>
10000c74:	00002737          	lui	a4,0x2
10000c78:	80270713          	addi	a4,a4,-2046 # 1802 <_fstack+0x1402>
10000c7c:	00e7a023          	sw	a4,0(a5)
10000c80:	260007b7          	lui	a5,0x26000
10000c84:	04878793          	addi	a5,a5,72 # 26000048 <_erodata+0x15ffee48>
10000c88:	00002737          	lui	a4,0x2
10000c8c:	80270713          	addi	a4,a4,-2046 # 1802 <_fstack+0x1402>
10000c90:	00e7a023          	sw	a4,0(a5)
10000c94:	260007b7          	lui	a5,0x26000
10000c98:	02478793          	addi	a5,a5,36 # 26000024 <_erodata+0x15ffee24>
10000c9c:	00002737          	lui	a4,0x2
10000ca0:	80270713          	addi	a4,a4,-2046 # 1802 <_fstack+0x1402>
10000ca4:	00e7a023          	sw	a4,0(a5)
10000ca8:	00000013          	nop
10000cac:	00c12083          	lw	ra,12(sp)
10000cb0:	00812403          	lw	s0,8(sp)
10000cb4:	01010113          	addi	sp,sp,16
10000cb8:	00008067          	ret

10000cbc <uart_putchar>:
10000cbc:	fd010113          	addi	sp,sp,-48
10000cc0:	02112623          	sw	ra,44(sp)
10000cc4:	02812423          	sw	s0,40(sp)
10000cc8:	03010413          	addi	s0,sp,48
10000ccc:	00050793          	mv	a5,a0
10000cd0:	fcf40fa3          	sb	a5,-33(s0)
10000cd4:	fdf44703          	lbu	a4,-33(s0)
10000cd8:	00a00793          	li	a5,10
10000cdc:	02f71a63          	bne	a4,a5,10000d10 <uart_putchar+0x54>
10000ce0:	f00067b7          	lui	a5,0xf0006
10000ce4:	80078793          	addi	a5,a5,-2048 # f0005800 <_erodata+0xe0004600>
10000ce8:	00d00713          	li	a4,13
10000cec:	00e7a023          	sw	a4,0(a5)
10000cf0:	fe042623          	sw	zero,-20(s0)
10000cf4:	0100006f          	j	10000d04 <uart_putchar+0x48>
10000cf8:	fec42783          	lw	a5,-20(s0)
10000cfc:	00178793          	addi	a5,a5,1
10000d00:	fef42623          	sw	a5,-20(s0)
10000d04:	fec42703          	lw	a4,-20(s0)
10000d08:	3e700793          	li	a5,999
10000d0c:	fee7d6e3          	bge	a5,a4,10000cf8 <uart_putchar+0x3c>
10000d10:	f00067b7          	lui	a5,0xf0006
10000d14:	80078793          	addi	a5,a5,-2048 # f0005800 <_erodata+0xe0004600>
10000d18:	fdf44703          	lbu	a4,-33(s0)
10000d1c:	00e7a023          	sw	a4,0(a5)
10000d20:	fe042423          	sw	zero,-24(s0)
10000d24:	0100006f          	j	10000d34 <uart_putchar+0x78>
10000d28:	fe842783          	lw	a5,-24(s0)
10000d2c:	00178793          	addi	a5,a5,1
10000d30:	fef42423          	sw	a5,-24(s0)
10000d34:	fe842703          	lw	a4,-24(s0)
10000d38:	3e700793          	li	a5,999
10000d3c:	fee7d6e3          	bge	a5,a4,10000d28 <uart_putchar+0x6c>
10000d40:	00000013          	nop
10000d44:	00000013          	nop
10000d48:	02c12083          	lw	ra,44(sp)
10000d4c:	02812403          	lw	s0,40(sp)
10000d50:	03010113          	addi	sp,sp,48
10000d54:	00008067          	ret

10000d58 <uart_print_string>:
10000d58:	fe010113          	addi	sp,sp,-32
10000d5c:	00112e23          	sw	ra,28(sp)
10000d60:	00812c23          	sw	s0,24(sp)
10000d64:	02010413          	addi	s0,sp,32
10000d68:	fea42623          	sw	a0,-20(s0)
10000d6c:	01c0006f          	j	10000d88 <uart_print_string+0x30>
10000d70:	fec42783          	lw	a5,-20(s0)
10000d74:	00178713          	addi	a4,a5,1
10000d78:	fee42623          	sw	a4,-20(s0)
10000d7c:	0007c783          	lbu	a5,0(a5)
10000d80:	00078513          	mv	a0,a5
10000d84:	f39ff0ef          	jal	10000cbc <uart_putchar>
10000d88:	fec42783          	lw	a5,-20(s0)
10000d8c:	0007c783          	lbu	a5,0(a5)
10000d90:	fe0790e3          	bnez	a5,10000d70 <uart_print_string+0x18>
10000d94:	00000013          	nop
10000d98:	00000013          	nop
10000d9c:	01c12083          	lw	ra,28(sp)
10000da0:	01812403          	lw	s0,24(sp)
10000da4:	02010113          	addi	sp,sp,32
10000da8:	00008067          	ret

10000dac <uart_print_hex8>:
10000dac:	fc010113          	addi	sp,sp,-64
10000db0:	02112e23          	sw	ra,60(sp)
10000db4:	02812c23          	sw	s0,56(sp)
10000db8:	04010413          	addi	s0,sp,64
10000dbc:	00050793          	mv	a5,a0
10000dc0:	fcf407a3          	sb	a5,-49(s0)
10000dc4:	100017b7          	lui	a5,0x10001
10000dc8:	11c78793          	addi	a5,a5,284 # 1000111c <_etext+0x1c>
10000dcc:	0007a603          	lw	a2,0(a5)
10000dd0:	0047a683          	lw	a3,4(a5)
10000dd4:	0087a703          	lw	a4,8(a5)
10000dd8:	fcc42e23          	sw	a2,-36(s0)
10000ddc:	fed42023          	sw	a3,-32(s0)
10000de0:	fee42223          	sw	a4,-28(s0)
10000de4:	00c7a703          	lw	a4,12(a5)
10000de8:	fee42423          	sw	a4,-24(s0)
10000dec:	0107c783          	lbu	a5,16(a5)
10000df0:	fef40623          	sb	a5,-20(s0)
10000df4:	fcf44783          	lbu	a5,-49(s0)
10000df8:	0047d793          	srli	a5,a5,0x4
10000dfc:	0ff7f793          	zext.b	a5,a5
10000e00:	00f7f793          	andi	a5,a5,15
10000e04:	ff040713          	addi	a4,s0,-16
10000e08:	00f707b3          	add	a5,a4,a5
10000e0c:	fec7c783          	lbu	a5,-20(a5)
10000e10:	00078513          	mv	a0,a5
10000e14:	ea9ff0ef          	jal	10000cbc <uart_putchar>
10000e18:	fcf44783          	lbu	a5,-49(s0)
10000e1c:	00f7f793          	andi	a5,a5,15
10000e20:	ff040713          	addi	a4,s0,-16
10000e24:	00f707b3          	add	a5,a4,a5
10000e28:	fec7c783          	lbu	a5,-20(a5)
10000e2c:	00078513          	mv	a0,a5
10000e30:	e8dff0ef          	jal	10000cbc <uart_putchar>
10000e34:	00000013          	nop
10000e38:	03c12083          	lw	ra,60(sp)
10000e3c:	03812403          	lw	s0,56(sp)
10000e40:	04010113          	addi	sp,sp,64
10000e44:	00008067          	ret

10000e48 <main>:
10000e48:	fc010113          	addi	sp,sp,-64
10000e4c:	02112e23          	sw	ra,60(sp)
10000e50:	02812c23          	sw	s0,56(sp)
10000e54:	04010413          	addi	s0,sp,64
10000e58:	b85ff0ef          	jal	100009dc <configure_io>
10000e5c:	260007b7          	lui	a5,0x26000
10000e60:	00100713          	li	a4,1
10000e64:	00e7a023          	sw	a4,0(a5) # 26000000 <_erodata+0x15ffee00>
10000e68:	00000013          	nop
10000e6c:	260007b7          	lui	a5,0x26000
10000e70:	0007a703          	lw	a4,0(a5) # 26000000 <_erodata+0x15ffee00>
10000e74:	00100793          	li	a5,1
10000e78:	fef70ae3          	beq	a4,a5,10000e6c <main+0x24>
10000e7c:	00000013          	nop
10000e80:	262007b7          	lui	a5,0x26200
10000e84:	0007a783          	lw	a5,0(a5) # 26200000 <_erodata+0x161fee00>
10000e88:	0057f793          	andi	a5,a5,5
10000e8c:	fe078ae3          	beqz	a5,10000e80 <main+0x38>
10000e90:	f00037b7          	lui	a5,0xf0003
10000e94:	01c78793          	addi	a5,a5,28 # f000301c <_erodata+0xe0001e1c>
10000e98:	0007a023          	sw	zero,0(a5)
10000e9c:	f00037b7          	lui	a5,0xf0003
10000ea0:	00c78793          	addi	a5,a5,12 # f000300c <_erodata+0xe0001e0c>
10000ea4:	0007a023          	sw	zero,0(a5)
10000ea8:	f00037b7          	lui	a5,0xf0003
10000eac:	03c78793          	addi	a5,a5,60 # f000303c <_erodata+0xe0001e3c>
10000eb0:	0007a023          	sw	zero,0(a5)
10000eb4:	fe0403a3          	sb	zero,-25(s0)
10000eb8:	00500793          	li	a5,5
10000ebc:	fef40323          	sb	a5,-26(s0)
10000ec0:	00a00793          	li	a5,10
10000ec4:	fef402a3          	sb	a5,-27(s0)
10000ec8:	fe040223          	sb	zero,-28(s0)
10000ecc:	fe0401a3          	sb	zero,-29(s0)
10000ed0:	fe040123          	sb	zero,-30(s0)
10000ed4:	fe644783          	lbu	a5,-26(s0)
10000ed8:	01279713          	slli	a4,a5,0x12
10000edc:	fe544783          	lbu	a5,-27(s0)
10000ee0:	01679793          	slli	a5,a5,0x16
10000ee4:	00f76733          	or	a4,a4,a5
10000ee8:	fe344783          	lbu	a5,-29(s0)
10000eec:	01a79793          	slli	a5,a5,0x1a
10000ef0:	00f76733          	or	a4,a4,a5
10000ef4:	fe244783          	lbu	a5,-30(s0)
10000ef8:	01e79793          	slli	a5,a5,0x1e
10000efc:	00f767b3          	or	a5,a4,a5
10000f00:	fcf42e23          	sw	a5,-36(s0)
10000f04:	fe244783          	lbu	a5,-30(s0)
10000f08:	0027d793          	srli	a5,a5,0x2
10000f0c:	0ff7f793          	zext.b	a5,a5
10000f10:	0037f713          	andi	a4,a5,3
10000f14:	fe744783          	lbu	a5,-25(s0)
10000f18:	00279793          	slli	a5,a5,0x2
10000f1c:	00f76733          	or	a4,a4,a5
10000f20:	fe444783          	lbu	a5,-28(s0)
10000f24:	00479793          	slli	a5,a5,0x4
10000f28:	00f767b3          	or	a5,a4,a5
10000f2c:	fcf42c23          	sw	a5,-40(s0)
10000f30:	260007b7          	lui	a5,0x26000
10000f34:	00c78793          	addi	a5,a5,12 # 2600000c <_erodata+0x15ffee0c>
10000f38:	fdc42703          	lw	a4,-36(s0)
10000f3c:	00e7a023          	sw	a4,0(a5)
10000f40:	260007b7          	lui	a5,0x26000
10000f44:	01078793          	addi	a5,a5,16 # 26000010 <_erodata+0x15ffee10>
10000f48:	fd842703          	lw	a4,-40(s0)
10000f4c:	00e7a023          	sw	a4,0(a5)
10000f50:	260007b7          	lui	a5,0x26000
10000f54:	00100713          	li	a4,1
10000f58:	00e7a023          	sw	a4,0(a5) # 26000000 <_erodata+0x15ffee00>
10000f5c:	00000013          	nop
10000f60:	260007b7          	lui	a5,0x26000
10000f64:	0007a703          	lw	a4,0(a5) # 26000000 <_erodata+0x15ffee00>
10000f68:	00100793          	li	a5,1
10000f6c:	fef70ae3          	beq	a4,a5,10000f60 <main+0x118>
10000f70:	00100793          	li	a5,1
10000f74:	fef42623          	sw	a5,-20(s0)
10000f78:	0900006f          	j	10001008 <main+0x1c0>
10000f7c:	fec42783          	lw	a5,-20(s0)
10000f80:	00100713          	li	a4,1
10000f84:	00f717b3          	sll	a5,a4,a5
10000f88:	fcf42a23          	sw	a5,-44(s0)
10000f8c:	f00037b7          	lui	a5,0xf0003
10000f90:	03c78793          	addi	a5,a5,60 # f000303c <_erodata+0xe0001e3c>
10000f94:	fd442703          	lw	a4,-44(s0)
10000f98:	00e7a023          	sw	a4,0(a5)
10000f9c:	fc042023          	sw	zero,-64(s0)
10000fa0:	0100006f          	j	10000fb0 <main+0x168>
10000fa4:	fc042783          	lw	a5,-64(s0)
10000fa8:	00178793          	addi	a5,a5,1
10000fac:	fcf42023          	sw	a5,-64(s0)
10000fb0:	fc042703          	lw	a4,-64(s0)
10000fb4:	000027b7          	lui	a5,0x2
10000fb8:	70f78793          	addi	a5,a5,1807 # 270f <_fstack+0x230f>
10000fbc:	fee7f4e3          	bgeu	a5,a4,10000fa4 <main+0x15c>
10000fc0:	260007b7          	lui	a5,0x26000
10000fc4:	00c78793          	addi	a5,a5,12 # 2600000c <_erodata+0x15ffee0c>
10000fc8:	0007a783          	lw	a5,0(a5)
10000fcc:	fcf42823          	sw	a5,-48(s0)
10000fd0:	fd042783          	lw	a5,-48(s0)
10000fd4:	0067d793          	srli	a5,a5,0x6
10000fd8:	0ff7f793          	zext.b	a5,a5
10000fdc:	00f7f793          	andi	a5,a5,15
10000fe0:	fcf407a3          	sb	a5,-49(s0)
10000fe4:	fec42783          	lw	a5,-20(s0)
10000fe8:	fff78793          	addi	a5,a5,-1
10000fec:	ff040713          	addi	a4,s0,-16
10000ff0:	00f707b3          	add	a5,a4,a5
10000ff4:	fcf44703          	lbu	a4,-49(s0)
10000ff8:	fce78a23          	sb	a4,-44(a5)
10000ffc:	fec42783          	lw	a5,-20(s0)
10001000:	00178793          	addi	a5,a5,1
10001004:	fef42623          	sw	a5,-20(s0)
10001008:	fec42703          	lw	a4,-20(s0)
1000100c:	00800793          	li	a5,8
10001010:	f6e7f6e3          	bgeu	a5,a4,10000f7c <main+0x134>
10001014:	f00037b7          	lui	a5,0xf0003
10001018:	03c78793          	addi	a5,a5,60 # f000303c <_erodata+0xe0001e3c>
1000101c:	0007a023          	sw	zero,0(a5)
10001020:	260007b7          	lui	a5,0x26000
10001024:	03878793          	addi	a5,a5,56 # 26000038 <_erodata+0x15ffee38>
10001028:	40300713          	li	a4,1027
1000102c:	00e7a023          	sw	a4,0(a5)
10001030:	260007b7          	lui	a5,0x26000
10001034:	03c78793          	addi	a5,a5,60 # 2600003c <_erodata+0x15ffee3c>
10001038:	00002737          	lui	a4,0x2
1000103c:	80970713          	addi	a4,a4,-2039 # 1809 <_fstack+0x1409>
10001040:	00e7a023          	sw	a4,0(a5)
10001044:	260007b7          	lui	a5,0x26000
10001048:	00100713          	li	a4,1
1000104c:	00e7a023          	sw	a4,0(a5) # 26000000 <_erodata+0x15ffee00>
10001050:	00000013          	nop
10001054:	260007b7          	lui	a5,0x26000
10001058:	0007a703          	lw	a4,0(a5) # 26000000 <_erodata+0x15ffee00>
1000105c:	00100793          	li	a5,1
10001060:	fef70ae3          	beq	a4,a5,10001054 <main+0x20c>
10001064:	f00067b7          	lui	a5,0xf0006
10001068:	00100713          	li	a4,1
1000106c:	00e7a023          	sw	a4,0(a5) # f0006000 <_erodata+0xe0004e00>
10001070:	fe042423          	sw	zero,-24(s0)
10001074:	03c0006f          	j	100010b0 <main+0x268>
10001078:	100017b7          	lui	a5,0x10001
1000107c:	13078513          	addi	a0,a5,304 # 10001130 <_etext+0x30>
10001080:	cd9ff0ef          	jal	10000d58 <uart_print_string>
10001084:	fe842783          	lw	a5,-24(s0)
10001088:	ff040713          	addi	a4,s0,-16
1000108c:	00f707b3          	add	a5,a4,a5
10001090:	fd47c783          	lbu	a5,-44(a5)
10001094:	00078513          	mv	a0,a5
10001098:	d15ff0ef          	jal	10000dac <uart_print_hex8>
1000109c:	00a00513          	li	a0,10
100010a0:	c1dff0ef          	jal	10000cbc <uart_putchar>
100010a4:	fe842783          	lw	a5,-24(s0)
100010a8:	00178793          	addi	a5,a5,1
100010ac:	fef42423          	sw	a5,-24(s0)
100010b0:	fe842703          	lw	a4,-24(s0)
100010b4:	00700793          	li	a5,7
100010b8:	fce7f0e3          	bgeu	a5,a4,10001078 <main+0x230>
100010bc:	00000013          	nop
100010c0:	00000013          	nop
100010c4:	03c12083          	lw	ra,60(sp)
100010c8:	03812403          	lw	s0,56(sp)
100010cc:	04010113          	addi	sp,sp,64
100010d0:	00008067          	ret
	...

Disassembly of section .rodata:

10001100 <_frodata>:
10001100:	3130                	.insn	2, 0x3130
10001102:	3332                	.insn	2, 0x3332
10001104:	3534                	.insn	2, 0x3534
10001106:	3736                	.insn	2, 0x3736
10001108:	3938                	.insn	2, 0x3938
1000110a:	6261                	.insn	2, 0x6261
1000110c:	66656463          	bltu	a0,t1,10001774 <_erodata+0x574>
10001110:	0000                	.insn	2, 0x0000
10001112:	0000                	.insn	2, 0x0000
10001114:	5245564f          	.insn	4, 0x5245564f
10001118:	0000                	.insn	2, 0x0000
1000111a:	0000                	.insn	2, 0x0000
1000111c:	3130                	.insn	2, 0x3130
1000111e:	3332                	.insn	2, 0x3332
10001120:	3534                	.insn	2, 0x3534
10001122:	3736                	.insn	2, 0x3736
10001124:	3938                	.insn	2, 0x3938
10001126:	4241                	.insn	2, 0x4241
10001128:	46454443          	.insn	4, 0x46454443
1000112c:	0000                	.insn	2, 0x0000
1000112e:	0000                	.insn	2, 0x0000
10001130:	4f58                	.insn	2, 0x4f58
10001132:	2052                	.insn	2, 0x2052
10001134:	6552                	.insn	2, 0x6552
10001136:	746c7573          	csrrci	a0,0x746,24
1000113a:	203a                	.insn	2, 0x203a
1000113c:	7830                	.insn	2, 0x7830
	...

Disassembly of section .riscv.attributes:

00000000 <.riscv.attributes>:
   0:	2841                	.insn	2, 0x2841
   2:	0000                	.insn	2, 0x0000
   4:	7200                	.insn	2, 0x7200
   6:	7369                	.insn	2, 0x7369
   8:	01007663          	bgeu	zero,a6,14 <_ebss+0xc>
   c:	001e                	.insn	2, 0x001e
   e:	0000                	.insn	2, 0x0000
  10:	1004                	.insn	2, 0x1004
  12:	7205                	.insn	2, 0x7205
  14:	3376                	.insn	2, 0x3376
  16:	6932                	.insn	2, 0x6932
  18:	7032                	.insn	2, 0x7032
  1a:	5f31                	.insn	2, 0x5f31
  1c:	697a                	.insn	2, 0x697a
  1e:	32727363          	bgeu	tp,t2,344 <_ebss+0x33c>
  22:	3070                	.insn	2, 0x3070
  24:	0800                	.insn	2, 0x0800
  26:	0a01                	.insn	2, 0x0a01
  28:	0b                	.byte	0x0b

Disassembly of section .comment:

00000000 <.comment>:
   0:	3a434347          	.insn	4, 0x3a434347
   4:	2820                	.insn	2, 0x2820
   6:	2029                	.insn	2, 0x2029
   8:	3631                	.insn	2, 0x3631
   a:	312e                	.insn	2, 0x312e
   c:	302e                	.insn	2, 0x302e
	...
